<?xml version="1.0" encoding="UTF-8"?>
<!-- Generated by org.testng.reporters.JUnitReportReporter -->
<testsuite skipped="0" hostname="AUTOMATIZA01" name="TESTCASE.TC1_PruebaSL" tests="1" failures="0" timestamp="29 Jul 2019 15:01:39 GMT" time="53.485" errors="1">
  <testcase name="TC1Test" time="53.485" classname="TESTCASE.TC1_PruebaSL">
    <error/>
  </testcase> <!-- TC1Test -->
</testsuite> <!-- TESTCASE.TC1_PruebaSL -->
